2013-08-17 17:37:38 Error: [MissingControllerException] Controller class CssController could not be found.
#0 C:\workspace\uds\webroot\index.php(97): Dispatcher->dispatch(Object(CakeRequest), Object(CakeResponse))
#1 {main}
2013-08-17 17:37:40 Error: [MissingControllerException] Controller class CssController could not be found.
#0 C:\workspace\uds\webroot\index.php(97): Dispatcher->dispatch(Object(CakeRequest), Object(CakeResponse))
#1 {main}
2013-08-17 17:37:40 Error: [MissingControllerException] Controller class CssController could not be found.
#0 C:\workspace\uds\webroot\index.php(97): Dispatcher->dispatch(Object(CakeRequest), Object(CakeResponse))
#1 {main}
2013-08-17 17:37:40 Error: [MissingControllerException] Controller class CssController could not be found.
#0 C:\workspace\uds\webroot\index.php(97): Dispatcher->dispatch(Object(CakeRequest), Object(CakeResponse))
#1 {main}
2013-08-17 17:37:40 Error: [MissingControllerException] Controller class CssController could not be found.
#0 C:\workspace\uds\webroot\index.php(97): Dispatcher->dispatch(Object(CakeRequest), Object(CakeResponse))
#1 {main}
2013-09-09 16:48:00 Error: [MissingControllerException] Controller class CssController could not be found.
#0 C:\workspace\uds\webroot\index.php(97): Dispatcher->dispatch(Object(CakeRequest), Object(CakeResponse))
#1 {main}
2013-09-09 16:48:25 Error: [MissingControllerException] Controller class CssController could not be found.
#0 C:\workspace\uds\webroot\index.php(97): Dispatcher->dispatch(Object(CakeRequest), Object(CakeResponse))
#1 {main}
2013-09-09 16:48:29 Error: [MissingControllerException] Controller class CssController could not be found.
#0 C:\workspace\uds\webroot\index.php(97): Dispatcher->dispatch(Object(CakeRequest), Object(CakeResponse))
#1 {main}
2013-09-09 16:48:35 Error: [MissingControllerException] Controller class CssController could not be found.
#0 C:\workspace\uds\webroot\index.php(97): Dispatcher->dispatch(Object(CakeRequest), Object(CakeResponse))
#1 {main}
2013-09-09 16:48:41 Error: [MissingControllerException] Controller class CssController could not be found.
#0 C:\workspace\uds\webroot\index.php(97): Dispatcher->dispatch(Object(CakeRequest), Object(CakeResponse))
#1 {main}
2013-09-09 16:49:39 Error: [MissingControllerException] Controller class CssController could not be found.
#0 C:\workspace\uds\webroot\index.php(97): Dispatcher->dispatch(Object(CakeRequest), Object(CakeResponse))
#1 {main}
2013-09-15 20:54:16 Error: [MissingControllerException] Controller class CssController could not be found.
#0 C:\workspace\uds\webroot\index.php(97): Dispatcher->dispatch(Object(CakeRequest), Object(CakeResponse))
#1 {main}
2013-09-15 20:54:17 Error: [MissingControllerException] Controller class CssController could not be found.
#0 C:\workspace\uds\webroot\index.php(97): Dispatcher->dispatch(Object(CakeRequest), Object(CakeResponse))
#1 {main}
2013-09-15 20:54:17 Error: [MissingControllerException] Controller class CssController could not be found.
#0 C:\workspace\uds\webroot\index.php(97): Dispatcher->dispatch(Object(CakeRequest), Object(CakeResponse))
#1 {main}
2013-09-15 20:54:17 Error: [MissingControllerException] Controller class CssController could not be found.
#0 C:\workspace\uds\webroot\index.php(97): Dispatcher->dispatch(Object(CakeRequest), Object(CakeResponse))
#1 {main}
2013-09-15 20:54:17 Error: [MissingControllerException] Controller class CssController could not be found.
#0 C:\workspace\uds\webroot\index.php(97): Dispatcher->dispatch(Object(CakeRequest), Object(CakeResponse))
#1 {main}
2013-09-15 20:54:18 Error: [MissingControllerException] Controller class CssController could not be found.
#0 C:\workspace\uds\webroot\index.php(97): Dispatcher->dispatch(Object(CakeRequest), Object(CakeResponse))
#1 {main}
2013-09-15 20:54:44 Error: [MissingControllerException] Controller class CssController could not be found.
#0 C:\workspace\uds\webroot\index.php(97): Dispatcher->dispatch(Object(CakeRequest), Object(CakeResponse))
#1 {main}
2013-09-15 20:54:44 Error: [MissingControllerException] Controller class CssController could not be found.
#0 C:\workspace\uds\webroot\index.php(97): Dispatcher->dispatch(Object(CakeRequest), Object(CakeResponse))
#1 {main}
2013-09-15 20:54:44 Error: [MissingControllerException] Controller class CssController could not be found.
#0 C:\workspace\uds\webroot\index.php(97): Dispatcher->dispatch(Object(CakeRequest), Object(CakeResponse))
#1 {main}
2013-09-15 20:54:44 Error: [MissingControllerException] Controller class CssController could not be found.
#0 C:\workspace\uds\webroot\index.php(97): Dispatcher->dispatch(Object(CakeRequest), Object(CakeResponse))
#1 {main}
2013-09-15 20:54:44 Error: [MissingControllerException] Controller class CssController could not be found.
#0 C:\workspace\uds\webroot\index.php(97): Dispatcher->dispatch(Object(CakeRequest), Object(CakeResponse))
#1 {main}
2013-09-15 20:54:45 Error: [MissingControllerException] Controller class CssController could not be found.
#0 C:\workspace\uds\webroot\index.php(97): Dispatcher->dispatch(Object(CakeRequest), Object(CakeResponse))
#1 {main}
2013-09-15 22:18:18 Error: [MissingControllerException] Controller class CssController could not be found.
#0 C:\workspace\uds\webroot\index.php(97): Dispatcher->dispatch(Object(CakeRequest), Object(CakeResponse))
#1 {main}
2013-09-15 22:23:30 Error: [MissingControllerException] Controller class CssController could not be found.
#0 C:\workspace\uds\webroot\index.php(97): Dispatcher->dispatch(Object(CakeRequest), Object(CakeResponse))
#1 {main}
2013-09-15 22:23:30 Error: [MissingControllerException] Controller class CssController could not be found.
#0 C:\workspace\uds\webroot\index.php(97): Dispatcher->dispatch(Object(CakeRequest), Object(CakeResponse))
#1 {main}
2013-09-15 22:23:31 Error: [MissingControllerException] Controller class CssController could not be found.
#0 C:\workspace\uds\webroot\index.php(97): Dispatcher->dispatch(Object(CakeRequest), Object(CakeResponse))
#1 {main}
2013-09-15 22:23:31 Error: [MissingControllerException] Controller class CssController could not be found.
#0 C:\workspace\uds\webroot\index.php(97): Dispatcher->dispatch(Object(CakeRequest), Object(CakeResponse))
#1 {main}
2013-09-15 22:23:32 Error: [MissingControllerException] Controller class CssController could not be found.
#0 C:\workspace\uds\webroot\index.php(97): Dispatcher->dispatch(Object(CakeRequest), Object(CakeResponse))
#1 {main}
2013-09-15 22:23:39 Error: [MissingControllerException] Controller class CssController could not be found.
#0 C:\workspace\uds\webroot\index.php(97): Dispatcher->dispatch(Object(CakeRequest), Object(CakeResponse))
#1 {main}
2013-09-16 16:11:50 Error: [MissingControllerException] Controller class CssController could not be found.
#0 C:\workspace\uds\webroot\index.php(97): Dispatcher->dispatch(Object(CakeRequest), Object(CakeResponse))
#1 {main}
2013-09-16 16:18:10 Error: [MissingControllerException] Controller class CssController could not be found.
#0 C:\workspace\uds\webroot\index.php(97): Dispatcher->dispatch(Object(CakeRequest), Object(CakeResponse))
#1 {main}
2013-09-16 16:18:28 Error: [MissingControllerException] Controller class CssController could not be found.
#0 C:\workspace\uds\webroot\index.php(97): Dispatcher->dispatch(Object(CakeRequest), Object(CakeResponse))
#1 {main}
2013-09-16 16:18:53 Error: [MissingControllerException] Controller class CssController could not be found.
#0 C:\workspace\uds\webroot\index.php(97): Dispatcher->dispatch(Object(CakeRequest), Object(CakeResponse))
#1 {main}
2013-09-16 16:19:29 Error: [MissingControllerException] Controller class CssController could not be found.
#0 C:\workspace\uds\webroot\index.php(97): Dispatcher->dispatch(Object(CakeRequest), Object(CakeResponse))
#1 {main}
2013-09-16 16:20:00 Error: [MissingControllerException] Controller class CssController could not be found.
#0 C:\workspace\uds\webroot\index.php(97): Dispatcher->dispatch(Object(CakeRequest), Object(CakeResponse))
#1 {main}
2013-09-16 16:23:22 Error: [MissingControllerException] Controller class CssController could not be found.
#0 C:\workspace\uds\webroot\index.php(97): Dispatcher->dispatch(Object(CakeRequest), Object(CakeResponse))
#1 {main}
2013-09-16 16:23:49 Error: [MissingControllerException] Controller class CssController could not be found.
#0 C:\workspace\uds\webroot\index.php(97): Dispatcher->dispatch(Object(CakeRequest), Object(CakeResponse))
#1 {main}
2013-09-16 16:29:28 Error: [MissingControllerException] Controller class CssController could not be found.
#0 C:\workspace\uds\webroot\index.php(97): Dispatcher->dispatch(Object(CakeRequest), Object(CakeResponse))
#1 {main}
2014-04-06 22:04:32 Error: [MissingConnectionException] Database connection "Mysql" is missing, or could not be created.
Exception Attributes: array (
  'class' => 'Mysql',
  'message' => 'Selected driver is not enabled',
  'enabled' => false,
)
Request URL: /pro/
Stack Trace:
#0 C:\cakephp-2.4.7\lib\Cake\Model\ConnectionManager.php(105): DboSource->__construct(Array)
#1 C:\cakephp-2.4.7\lib\Cake\Model\Model.php(3477): ConnectionManager::getDataSource('default')
#2 C:\cakephp-2.4.7\lib\Cake\Model\Model.php(1126): Model->setDataSource('default')
#3 C:\cakephp-2.4.7\lib\Cake\Model\Model.php(3499): Model->setSource('activity_logs')
#4 C:\cakephp-2.4.7\lib\Cake\Model\Model.php(1355): Model->getDataSource()
#5 C:\cakephp-2.4.7\lib\Cake\Model\Model.php(1539): Model->schema()
#6 C:\www\pro\Controller\Component\LogServiceComponent.php(37): Model->create()
#7 C:\www\pro\Controller\AppController.php(122): LogServiceComponent->logRequest(Array)
#8 C:\www\pro\Controller\UsersController.php(14): AppController->beforeFilter()
#9 [internal function]: UsersController->beforeFilter(Object(CakeEvent))
#10 C:\cakephp-2.4.7\lib\Cake\Event\CakeEventManager.php(247): call_user_func(Array, Object(CakeEvent))
#11 C:\cakephp-2.4.7\lib\Cake\Controller\Controller.php(674): CakeEventManager->dispatch(Object(CakeEvent))
#12 C:\cakephp-2.4.7\lib\Cake\Routing\Dispatcher.php(182): Controller->startupProcess()
#13 C:\cakephp-2.4.7\lib\Cake\Routing\Dispatcher.php(160): Dispatcher->_invoke(Object(UsersController), Object(CakeRequest), Object(CakeResponse))
#14 C:\www\pro\webroot\index.php(97): Dispatcher->dispatch(Object(CakeRequest), Object(CakeResponse))
#15 {main}
2014-05-14 21:06:56 Error: [MissingConnectionException] Database connection "Mysql" is missing, or could not be created.
Exception Attributes: array (
  'class' => 'Mysql',
  'message' => 'Selected driver is not enabled',
  'enabled' => false,
)
Request URL: /pro/
Stack Trace:
#0 C:\cakephp-2.4.7\lib\Cake\Model\ConnectionManager.php(105): DboSource->__construct(Array)
#1 C:\cakephp-2.4.7\lib\Cake\Model\Model.php(3477): ConnectionManager::getDataSource('default')
#2 C:\cakephp-2.4.7\lib\Cake\Model\Model.php(1126): Model->setDataSource('default')
#3 C:\cakephp-2.4.7\lib\Cake\Model\Model.php(3499): Model->setSource('activity_logs')
#4 C:\cakephp-2.4.7\lib\Cake\Model\Model.php(1355): Model->getDataSource()
#5 C:\cakephp-2.4.7\lib\Cake\Model\Model.php(1539): Model->schema()
#6 C:\www\pro\Controller\Component\LogServiceComponent.php(37): Model->create()
#7 C:\www\pro\Controller\AppController.php(122): LogServiceComponent->logRequest(Array)
#8 C:\www\pro\Controller\UsersController.php(14): AppController->beforeFilter()
#9 [internal function]: UsersController->beforeFilter(Object(CakeEvent))
#10 C:\cakephp-2.4.7\lib\Cake\Event\CakeEventManager.php(247): call_user_func(Array, Object(CakeEvent))
#11 C:\cakephp-2.4.7\lib\Cake\Controller\Controller.php(674): CakeEventManager->dispatch(Object(CakeEvent))
#12 C:\cakephp-2.4.7\lib\Cake\Routing\Dispatcher.php(182): Controller->startupProcess()
#13 C:\cakephp-2.4.7\lib\Cake\Routing\Dispatcher.php(160): Dispatcher->_invoke(Object(UsersController), Object(CakeRequest), Object(CakeResponse))
#14 C:\www\pro\webroot\index.php(97): Dispatcher->dispatch(Object(CakeRequest), Object(CakeResponse))
#15 {main}
2014-05-17 12:02:16 Error: [MissingConnectionException] Database connection "Mysql" is missing, or could not be created.
Exception Attributes: array (
  'class' => 'Mysql',
  'message' => 'Selected driver is not enabled',
  'enabled' => false,
)
Request URL: /pro/
Stack Trace:
#0 C:\cakephp-2.4.7\lib\Cake\Model\ConnectionManager.php(105): DboSource->__construct(Array)
#1 C:\cakephp-2.4.7\lib\Cake\Model\Model.php(3477): ConnectionManager::getDataSource('default')
#2 C:\cakephp-2.4.7\lib\Cake\Model\Model.php(1126): Model->setDataSource('default')
#3 C:\cakephp-2.4.7\lib\Cake\Model\Model.php(3499): Model->setSource('activity_logs')
#4 C:\cakephp-2.4.7\lib\Cake\Model\Model.php(1355): Model->getDataSource()
#5 C:\cakephp-2.4.7\lib\Cake\Model\Model.php(1539): Model->schema()
#6 C:\www\pro\Controller\Component\LogServiceComponent.php(37): Model->create()
#7 C:\www\pro\Controller\AppController.php(122): LogServiceComponent->logRequest(Array)
#8 C:\www\pro\Controller\UsersController.php(14): AppController->beforeFilter()
#9 [internal function]: UsersController->beforeFilter(Object(CakeEvent))
#10 C:\cakephp-2.4.7\lib\Cake\Event\CakeEventManager.php(247): call_user_func(Array, Object(CakeEvent))
#11 C:\cakephp-2.4.7\lib\Cake\Controller\Controller.php(674): CakeEventManager->dispatch(Object(CakeEvent))
#12 C:\cakephp-2.4.7\lib\Cake\Routing\Dispatcher.php(182): Controller->startupProcess()
#13 C:\cakephp-2.4.7\lib\Cake\Routing\Dispatcher.php(160): Dispatcher->_invoke(Object(UsersController), Object(CakeRequest), Object(CakeResponse))
#14 C:\www\pro\webroot\index.php(97): Dispatcher->dispatch(Object(CakeRequest), Object(CakeResponse))
#15 {main}
2014-05-17 12:13:56 Error: [MissingConnectionException] Database connection "Mysql" is missing, or could not be created.
Exception Attributes: array (
  'class' => 'Mysql',
  'message' => 'Selected driver is not enabled',
  'enabled' => false,
)
Request URL: /pro/
Stack Trace:
#0 C:\cakephp-2.4.7\lib\Cake\Model\ConnectionManager.php(105): DboSource->__construct(Array)
#1 C:\cakephp-2.4.7\lib\Cake\Model\Model.php(3477): ConnectionManager::getDataSource('default')
#2 C:\cakephp-2.4.7\lib\Cake\Model\Model.php(1126): Model->setDataSource('default')
#3 C:\cakephp-2.4.7\lib\Cake\Model\Model.php(3499): Model->setSource('activity_logs')
#4 C:\cakephp-2.4.7\lib\Cake\Model\Model.php(1355): Model->getDataSource()
#5 C:\cakephp-2.4.7\lib\Cake\Model\Model.php(1539): Model->schema()
#6 C:\www\pro\Controller\Component\LogServiceComponent.php(37): Model->create()
#7 C:\www\pro\Controller\AppController.php(122): LogServiceComponent->logRequest(Array)
#8 C:\www\pro\Controller\UsersController.php(14): AppController->beforeFilter()
#9 [internal function]: UsersController->beforeFilter(Object(CakeEvent))
#10 C:\cakephp-2.4.7\lib\Cake\Event\CakeEventManager.php(247): call_user_func(Array, Object(CakeEvent))
#11 C:\cakephp-2.4.7\lib\Cake\Controller\Controller.php(674): CakeEventManager->dispatch(Object(CakeEvent))
#12 C:\cakephp-2.4.7\lib\Cake\Routing\Dispatcher.php(182): Controller->startupProcess()
#13 C:\cakephp-2.4.7\lib\Cake\Routing\Dispatcher.php(160): Dispatcher->_invoke(Object(UsersController), Object(CakeRequest), Object(CakeResponse))
#14 C:\www\pro\webroot\index.php(97): Dispatcher->dispatch(Object(CakeRequest), Object(CakeResponse))
#15 {main}
2014-05-17 12:28:36 Error: [MissingConnectionException] Database connection "Mysql" is missing, or could not be created.
Exception Attributes: array (
  'class' => 'Mysql',
  'message' => 'Selected driver is not enabled',
  'enabled' => false,
)
Request URL: /pro/
Stack Trace:
#0 C:\cakephp-2.4.7\lib\Cake\Model\ConnectionManager.php(105): DboSource->__construct(Array)
#1 C:\cakephp-2.4.7\lib\Cake\Model\Model.php(3477): ConnectionManager::getDataSource('default')
#2 C:\cakephp-2.4.7\lib\Cake\Model\Model.php(1126): Model->setDataSource('default')
#3 C:\cakephp-2.4.7\lib\Cake\Model\Model.php(3499): Model->setSource('activity_logs')
#4 C:\cakephp-2.4.7\lib\Cake\Model\Model.php(1355): Model->getDataSource()
#5 C:\cakephp-2.4.7\lib\Cake\Model\Model.php(1539): Model->schema()
#6 C:\www\pro\Controller\Component\LogServiceComponent.php(37): Model->create()
#7 C:\www\pro\Controller\AppController.php(122): LogServiceComponent->logRequest(Array)
#8 C:\www\pro\Controller\UsersController.php(14): AppController->beforeFilter()
#9 [internal function]: UsersController->beforeFilter(Object(CakeEvent))
#10 C:\cakephp-2.4.7\lib\Cake\Event\CakeEventManager.php(247): call_user_func(Array, Object(CakeEvent))
#11 C:\cakephp-2.4.7\lib\Cake\Controller\Controller.php(674): CakeEventManager->dispatch(Object(CakeEvent))
#12 C:\cakephp-2.4.7\lib\Cake\Routing\Dispatcher.php(182): Controller->startupProcess()
#13 C:\cakephp-2.4.7\lib\Cake\Routing\Dispatcher.php(160): Dispatcher->_invoke(Object(UsersController), Object(CakeRequest), Object(CakeResponse))
#14 C:\www\pro\webroot\index.php(97): Dispatcher->dispatch(Object(CakeRequest), Object(CakeResponse))
#15 {main}
